<?xml version="1.0" encoding="UTF-8"?>
<!-- Generated by org.testng.reporters.JUnitXMLReporter -->
<testsuite hostname="LSD-PC" ignored="0" name="Default test" tests="3" failures="0" timestamp="23 Jun 2018 13:06:33 GMT" time="36.307" errors="0">
  <testcase name="TestSelectProject" time="0.808" classname="com.jgive.pages.SelectProjectTestNG"/>
  <testcase name="TestSelectProject" time="0.958" classname="com.jgive.pages.SelectProjectTestNG"/>
  <testcase name="TestSelectProject" time="0.922" classname="com.jgive.pages.SelectProjectTestNG"/>
</testsuite> <!-- Default test -->
